#
# A fatal error has been detected by the Java Runtime Environment:
#
#  EXCEPTION_ACCESS_VIOLATION (0xc0000005) at pc=0x000000005f50a3c5, pid=3412, tid=9700
#
# JRE version: Java(TM) SE Runtime Environment (8.0_25-b18) (build 1.8.0_25-b18)
# Java VM: Java HotSpot(TM) 64-Bit Server VM (25.25-b02 mixed mode windows-amd64 compressed oops)
# Problematic frame:
# V  [jvm.dll+0x11a3c5]
#
# Failed to write core dump. Minidumps are not enabled by default on client versions of Windows
#
# If you would like to submit a bug report, please visit:
#   http://bugreport.sun.com/bugreport/crash.jsp
#

---------------  T H R E A D  ---------------

Current thread (0x000000005734e000):  JavaThread "JDWP Transport Listener: dt_socket" daemon [_thread_in_vm, id=9700, stack(0x0000000058fb0000,0x00000000590b0000)]

siginfo: ExceptionCode=0xc0000005, reading address 0xffffffffffffffff

Registers:
RAX=0x00000000590af101, RBX=0x000000005734e000, RCX=0x3b65636e65757165, RDX=0x0000000000000000
RSP=0x00000000590af0d0, RBP=0x3b65636e65757165, RSI=0x00000000590af1e8, RDI=0x0000000001dddc10
R8 =0x000000005734e000, R9 =0x0000000000000700, R10=0x6577542f6f762f74, R11=0x636e8ea700390028
R12=0x0000000000000000, R13=0x0000000057348308, R14=0x0000000000000000, R15=0x0000000000000000
RIP=0x000000005f50a3c5, EFLAGS=0x0000000000010206

Top of Stack: (sp=0x00000000590af0d0)
0x00000000590af0d0:   000000005734e000 000000005734e000
0x00000000590af0e0:   00000000590af198 000000005f7078db
0x00000000590af0f0:   000000005734e000 000000005f72413d
0x00000000590af100:   0000000000000046 0000000067a79149
0x00000000590af110:   000000005bfcff10 0000000067a82912
0x00000000590af120:   000000005734e000 0000000000000000
0x00000000590af130:   0000000000000000 0000000000000000
0x00000000590af140:   3b65636e65757165 0000000067a81a09
0x00000000590af150:   00000000590af1e8 00000000590af1c0
0x00000000590af160:   0000000000000001 000000005bfcff10
0x00000000590af170:   3b65636e65757165 0000000067a653b3
0x00000000590af180:   00000000590af2b0 0000000000000001
0x00000000590af190:   0000000000000001 000000005bfcff10
0x00000000590af1a0:   0000000000000001 0000000000000000
0x00000000590af1b0:   0000000000000000 0000000000000000
0x00000000590af1c0:   0000000000000001 0000000067a65571 

Instructions: (pc=0x000000005f50a3c5)
0x000000005f50a3a5:   cc cc cc cc cc cc cc cc cc cc cc 48 83 ec 28 48
0x000000005f50a3b5:   85 c9 75 07 33 c0 48 83 c4 28 c3 48 89 5c 24 20
0x000000005f50a3c5:   48 8b 19 48 85 db 74 20 48 83 fb 37 74 1a 48 8b
0x000000005f50a3d5:   13 48 8b cb ff 52 10 84 c0 74 0d 48 8b c3 48 8b 


Register to memory mapping:

RAX=0x00000000590af101 is pointing into the stack for thread: 0x000000005734e000
RBX=0x000000005734e000 is a thread
RCX=0x3b65636e65757165 is an unknown value
RDX=0x0000000000000000 is an unknown value
RSP=0x00000000590af0d0 is pointing into the stack for thread: 0x000000005734e000
RBP=0x3b65636e65757165 is an unknown value
RSI=0x00000000590af1e8 is pointing into the stack for thread: 0x000000005734e000
RDI=0x0000000001dddc10 is an unknown value
R8 =0x000000005734e000 is a thread
R9 =0x0000000000000700 is an unknown value
R10=0x6577542f6f762f74 is an unknown value
R11=0x636e8ea700390028 is an unknown value
R12=0x0000000000000000 is an unknown value
R13=0x0000000057348308 is an unknown value
R14=0x0000000000000000 is an unknown value
R15=0x0000000000000000 is an unknown value


Stack: [0x0000000058fb0000,0x00000000590b0000],  sp=0x00000000590af0d0,  free space=1020k
Native frames: (J=compiled Java code, j=interpreted, Vv=VM code, C=native code)
V  [jvm.dll+0x11a3c5]
V  [jvm.dll+0x33413d]
C  [jdwp.dll+0x21a09]
C  [jdwp.dll+0x53b3]
C  [jdwp.dll+0x5571]
C  [jdwp.dll+0xf09c]
C  [jdwp.dll+0x1f2c9]
C  [jdwp.dll+0x1f49e]
V  [jvm.dll+0x1abba8]
V  [jvm.dll+0x22bde4]
V  [jvm.dll+0x2852fa]
C  [msvcr100.dll+0x21d9f]
C  [msvcr100.dll+0x21e3b]
C  [kernel32.dll+0x159cd]
C  [ntdll.dll+0x2a561]


---------------  P R O C E S S  ---------------

Java Threads: ( => current thread )
  0x000000005c57b000 JavaThread "DestroyJavaVM" [_thread_blocked, id=11372, stack(0x0000000002360000,0x0000000002460000)]
  0x000000005c57a800 JavaThread "http-nio-8080-AsyncTimeout" daemon [_thread_blocked, id=10308, stack(0x000000005fcb0000,0x000000005fdb0000)]
  0x000000005c579800 JavaThread "http-nio-8080-Acceptor-0" daemon [_thread_in_native, id=10636, stack(0x000000005f1e0000,0x000000005f2e0000)]
  0x000000005c579000 JavaThread "http-nio-8080-ClientPoller-1" daemon [_thread_in_native, id=11000, stack(0x000000005eac0000,0x000000005ebc0000)]
  0x000000005c578000 JavaThread "http-nio-8080-ClientPoller-0" daemon [_thread_in_native, id=11068, stack(0x000000005f090000,0x000000005f190000)]
  0x000000005c56b800 JavaThread "http-nio-8080-exec-10" daemon [_thread_blocked, id=3244, stack(0x000000005cb30000,0x000000005cc30000)]
  0x000000005c56b000 JavaThread "http-nio-8080-exec-9" daemon [_thread_blocked, id=8716, stack(0x000000005ef00000,0x000000005f000000)]
  0x000000005c56a000 JavaThread "http-nio-8080-exec-8" daemon [_thread_blocked, id=10008, stack(0x000000005a5f0000,0x000000005a6f0000)]
  0x000000005c569800 JavaThread "http-nio-8080-exec-7" daemon [_thread_blocked, id=8732, stack(0x000000005ed60000,0x000000005ee60000)]
  0x000000005c568800 JavaThread "http-nio-8080-exec-6" daemon [_thread_blocked, id=6620, stack(0x000000005ec00000,0x000000005ed00000)]
  0x000000005c568000 JavaThread "http-nio-8080-exec-5" daemon [_thread_blocked, id=10396, stack(0x000000005e9c0000,0x000000005eac0000)]
  0x000000005c567000 JavaThread "http-nio-8080-exec-4" daemon [_thread_blocked, id=7592, stack(0x000000005e760000,0x000000005e860000)]
  0x000000005c566000 JavaThread "http-nio-8080-exec-3" daemon [_thread_blocked, id=4400, stack(0x0000000059a60000,0x0000000059b60000)]
  0x000000005c565800 JavaThread "http-nio-8080-exec-2" daemon [_thread_blocked, id=7048, stack(0x000000005e620000,0x000000005e720000)]
  0x000000005c564800 JavaThread "http-nio-8080-exec-1" daemon [_thread_blocked, id=5452, stack(0x000000005e470000,0x000000005e570000)]
  0x000000005c564000 JavaThread "NioBlockingSelector.BlockPoller-1" daemon [_thread_in_native, id=7576, stack(0x000000005e2b0000,0x000000005e3b0000)]
  0x000000005bfbf800 JavaThread "Abandoned connection cleanup thread" daemon [_thread_blocked, id=3352, stack(0x000000005d4e0000,0x000000005d5e0000)]
  0x000000005bf9e800 JavaThread "Tomcat JDBC Pool Cleaner[1482968390:1507564957355]" daemon [_thread_blocked, id=7148, stack(0x000000005a940000,0x000000005aa40000)]
  0x000000005bf05800 JavaThread "container-0" [_thread_blocked, id=8864, stack(0x000000005d0f0000,0x000000005d1f0000)]
  0x000000005bf11800 JavaThread "ContainerBackgroundProcessor[StandardEngine[Tomcat]]" daemon [_thread_blocked, id=11384, stack(0x000000005cf70000,0x000000005d070000)]
  0x0000000059ee0800 JavaThread "RMI TCP Accept-0" daemon [_thread_in_native, id=11240, stack(0x000000005aa60000,0x000000005ab60000)]
  0x0000000059ec7000 JavaThread "RMI TCP Accept-57387" daemon [_thread_in_native, id=8840, stack(0x000000005a830000,0x000000005a930000)]
  0x0000000059eb1000 JavaThread "RMI TCP Accept-0" daemon [_thread_in_native, id=8116, stack(0x000000005a700000,0x000000005a800000)]
  0x0000000058831000 JavaThread "Service Thread" daemon [_thread_blocked, id=11724, stack(0x0000000059850000,0x0000000059950000)]
  0x00000000587ba800 JavaThread "C1 CompilerThread2" daemon [_thread_blocked, id=8576, stack(0x0000000059cf0000,0x0000000059df0000)]
  0x00000000587b9000 JavaThread "C2 CompilerThread1" daemon [_thread_blocked, id=6028, stack(0x0000000059b60000,0x0000000059c60000)]
  0x00000000587b1800 JavaThread "C2 CompilerThread0" daemon [_thread_blocked, id=7964, stack(0x0000000059960000,0x0000000059a60000)]
  0x00000000587a6000 JavaThread "JDWP Command Reader" daemon [_thread_in_native, id=7392, stack(0x0000000059700000,0x0000000059800000)]
  0x00000000587a3000 JavaThread "JDWP Event Helper Thread" daemon [_thread_blocked, id=12156, stack(0x0000000059510000,0x0000000059610000)]
=>0x000000005734e000 JavaThread "JDWP Transport Listener: dt_socket" daemon [_thread_in_vm, id=9700, stack(0x0000000058fb0000,0x00000000590b0000)]
  0x0000000058793800 JavaThread "Attach Listener" daemon [_thread_blocked, id=4624, stack(0x0000000058e50000,0x0000000058f50000)]
  0x0000000058790800 JavaThread "Signal Dispatcher" daemon [_thread_blocked, id=4572, stack(0x0000000058c10000,0x0000000058d10000)]
  0x00000000572e8000 JavaThread "Finalizer" daemon [_thread_blocked, id=5180, stack(0x0000000058540000,0x0000000058640000)]
  0x00000000572df000 JavaThread "Reference Handler" daemon [_thread_blocked, id=7116, stack(0x0000000058690000,0x0000000058790000)]

Other Threads:
  0x00000000572d9800 VMThread [stack: 0x0000000058410000,0x0000000058510000] [id=5916]
  0x0000000059ee1800 WatcherThread [stack: 0x000000005abf0000,0x000000005acf0000] [id=11564]

VM state:not at safepoint (normal execution)

VM Mutex/Monitor currently owned by a thread: None

Heap:
 PSYoungGen      total 182784K, used 31650K [0x00000000d5e00000, 0x00000000e4980000, 0x0000000100000000)
  eden space 166912K, 12% used [0x00000000d5e00000,0x00000000d72267f8,0x00000000e0100000)
  from space 15872K, 69% used [0x00000000e0100000,0x00000000e0bc23c8,0x00000000e1080000)
  to   space 15872K, 0% used [0x00000000e3a00000,0x00000000e3a00000,0x00000000e4980000)
 ParOldGen       total 96768K, used 22188K [0x0000000081a00000, 0x0000000087880000, 0x00000000d5e00000)
  object space 96768K, 22% used [0x0000000081a00000,0x0000000082fab0f0,0x0000000087880000)
 Metaspace       used 43272K, capacity 43752K, committed 44248K, reserved 1087488K
  class space    used 5633K, capacity 5749K, committed 5848K, reserved 1048576K

Card table byte_map: [0x0000000011af0000,0x0000000011ef0000] byte_map_base: 0x00000000116e3000

Marking Bits: (ParMarkBitMap*) 0x000000005fbcd490
 Begin Bits: [0x0000000012620000, 0x00000000145b8000)
 End Bits:   [0x00000000145b8000, 0x0000000016550000)

Polling page: 0x0000000000230000

CodeCache: size=245760Kb used=7660Kb max_used=7723Kb free=238099Kb
 bounds [0x0000000002730000, 0x0000000002ec0000, 0x0000000011730000]
 total_blobs=4088 nmethods=3571 adapters=438
 compilation: enabled

Compilation events (10 events):
Event: 134.057 Thread 0x00000000587ba800 3642       1       java.util.concurrent.atomic.AtomicLong::getAndSet (12 bytes)
Event: 134.057 Thread 0x00000000587ba800 nmethod 3642 0x0000000002b2da10 code [0x0000000002b2db60, 0x0000000002b2dc70]
Event: 134.244 Thread 0x00000000587ba800 3643   !   1       org.apache.tomcat.util.net.NioEndpoint$Poller::timeout (493 bytes)
Event: 134.246 Thread 0x00000000587ba800 nmethod 3643 0x0000000002b37790 code [0x0000000002b37aa0, 0x0000000002b388b8]
Event: 135.071 Thread 0x00000000587ba800 3644       1       org.apache.coyote.AbstractProtocol::access$100 (5 bytes)
Event: 135.071 Thread 0x00000000587ba800 nmethod 3644 0x0000000002b2d750 code [0x0000000002b2d8a0, 0x0000000002b2d990]
Event: 135.071 Thread 0x00000000587ba800 3645       1       org.apache.coyote.AbstractProtocol::access$200 (5 bytes)
Event: 135.071 Thread 0x00000000587ba800 nmethod 3645 0x0000000002b2d490 code [0x0000000002b2d5e0, 0x0000000002b2d6d0]
Event: 136.272 Thread 0x00000000587ba800 3646       1       sun.nio.ch.SelectorImpl::keys (28 bytes)
Event: 136.272 Thread 0x00000000587ba800 nmethod 3646 0x0000000002b37310 code [0x0000000002b37480, 0x0000000002b37658]

GC Heap History (10 events):
Event: 2.393 GC heap before
{Heap before GC invocations=7 (full 1):
 PSYoungGen      total 71680K, used 66538K [0x00000000d5e00000, 0x00000000df300000, 0x0000000100000000)
  eden space 66560K, 99% used [0x00000000d5e00000,0x00000000d9efa948,0x00000000d9f00000)
  from space 5120K, 0% used [0x00000000d9f00000,0x00000000d9f00000,0x00000000da400000)
  to   space 9728K, 0% used [0x00000000de980000,0x00000000de980000,0x00000000df300000)
 ParOldGen       total 58880K, used 9034K [0x0000000081a00000, 0x0000000085380000, 0x00000000d5e00000)
  object space 58880K, 15% used [0x0000000081a00000,0x00000000822d2820,0x0000000085380000)
 Metaspace       used 24465K, capacity 24868K, committed 25088K, reserved 1071104K
  class space    used 3139K, capacity 3237K, committed 3328K, reserved 1048576K
Event: 2.401 GC heap after
Heap after GC invocations=7 (full 1):
 PSYoungGen      total 116224K, used 8660K [0x00000000d5e00000, 0x00000000df200000, 0x0000000100000000)
  eden space 107520K, 0% used [0x00000000d5e00000,0x00000000d5e00000,0x00000000dc700000)
  from space 8704K, 99% used [0x00000000de980000,0x00000000df1f50a0,0x00000000df200000)
  to   space 10240K, 0% used [0x00000000dde00000,0x00000000dde00000,0x00000000de800000)
 ParOldGen       total 58880K, used 9042K [0x0000000081a00000, 0x0000000085380000, 0x00000000d5e00000)
  object space 58880K, 15% used [0x0000000081a00000,0x00000000822d4820,0x0000000085380000)
 Metaspace       used 24465K, capacity 24868K, committed 25088K, reserved 1071104K
  class space    used 3139K, capacity 3237K, committed 3328K, reserved 1048576K
}
Event: 3.325 GC heap before
{Heap before GC invocations=8 (full 1):
 PSYoungGen      total 116224K, used 116180K [0x00000000d5e00000, 0x00000000df200000, 0x0000000100000000)
  eden space 107520K, 100% used [0x00000000d5e00000,0x00000000dc700000,0x00000000dc700000)
  from space 8704K, 99% used [0x00000000de980000,0x00000000df1f50a0,0x00000000df200000)
  to   space 10240K, 0% used [0x00000000dde00000,0x00000000dde00000,0x00000000de800000)
 ParOldGen       total 58880K, used 9042K [0x0000000081a00000, 0x0000000085380000, 0x00000000d5e00000)
  object space 58880K, 15% used [0x0000000081a00000,0x00000000822d4820,0x0000000085380000)
 Metaspace       used 30643K, capacity 30970K, committed 31232K, reserved 1077248K
  class space    used 3952K, capacity 4046K, committed 4096K, reserved 1048576K
Event: 3.340 GC heap after
Heap after GC invocations=8 (full 1):
 PSYoungGen      total 141312K, used 10223K [0x00000000d5e00000, 0x00000000e1d80000, 0x0000000100000000)
  eden space 131072K, 0% used [0x00000000d5e00000,0x00000000d5e00000,0x00000000dde00000)
  from space 10240K, 99% used [0x00000000dde00000,0x00000000de7fbe88,0x00000000de800000)
  to   space 13312K, 0% used [0x00000000e1080000,0x00000000e1080000,0x00000000e1d80000)
 ParOldGen       total 58880K, used 13665K [0x0000000081a00000, 0x0000000085380000, 0x00000000d5e00000)
  object space 58880K, 23% used [0x0000000081a00000,0x0000000082758710,0x0000000085380000)
 Metaspace       used 30643K, capacity 30970K, committed 31232K, reserved 1077248K
  class space    used 3952K, capacity 4046K, committed 4096K, reserved 1048576K
}
Event: 3.754 GC heap before
{Heap before GC invocations=9 (full 1):
 PSYoungGen      total 141312K, used 53373K [0x00000000d5e00000, 0x00000000e1d80000, 0x0000000100000000)
  eden space 131072K, 32% used [0x00000000d5e00000,0x00000000d88236b8,0x00000000dde00000)
  from space 10240K, 99% used [0x00000000dde00000,0x00000000de7fbe88,0x00000000de800000)
  to   space 13312K, 0% used [0x00000000e1080000,0x00000000e1080000,0x00000000e1d80000)
 ParOldGen       total 58880K, used 13665K [0x0000000081a00000, 0x0000000085380000, 0x00000000d5e00000)
  object space 58880K, 23% used [0x0000000081a00000,0x0000000082758710,0x0000000085380000)
 Metaspace       used 34859K, capacity 35194K, committed 35416K, reserved 1079296K
  class space    used 4540K, capacity 4622K, committed 4696K, reserved 1048576K
Event: 3.765 GC heap after
Heap after GC invocations=9 (full 1):
 PSYoungGen      total 180224K, used 13308K [0x00000000d5e00000, 0x00000000e4600000, 0x0000000100000000)
  eden space 166912K, 0% used [0x00000000d5e00000,0x00000000d5e00000,0x00000000e0100000)
  from space 13312K, 99% used [0x00000000e1080000,0x00000000e1d7f280,0x00000000e1d80000)
  to   space 15872K, 0% used [0x00000000e0100000,0x00000000e0100000,0x00000000e1080000)
 ParOldGen       total 58880K, used 14895K [0x0000000081a00000, 0x0000000085380000, 0x00000000d5e00000)
  object space 58880K, 25% used [0x0000000081a00000,0x000000008288bd00,0x0000000085380000)
 Metaspace       used 34859K, capacity 35194K, committed 35416K, reserved 1079296K
  class space    used 4540K, capacity 4622K, committed 4696K, reserved 1048576K
}
Event: 3.765 GC heap before
{Heap before GC invocations=10 (full 2):
 PSYoungGen      total 180224K, used 13308K [0x00000000d5e00000, 0x00000000e4600000, 0x0000000100000000)
  eden space 166912K, 0% used [0x00000000d5e00000,0x00000000d5e00000,0x00000000e0100000)
  from space 13312K, 99% used [0x00000000e1080000,0x00000000e1d7f280,0x00000000e1d80000)
  to   space 15872K, 0% used [0x00000000e0100000,0x00000000e0100000,0x00000000e1080000)
 ParOldGen       total 58880K, used 14895K [0x0000000081a00000, 0x0000000085380000, 0x00000000d5e00000)
  object space 58880K, 25% used [0x0000000081a00000,0x000000008288bd00,0x0000000085380000)
 Metaspace       used 34859K, capacity 35194K, committed 35416K, reserved 1079296K
  class space    used 4540K, capacity 4622K, committed 4696K, reserved 1048576K
Event: 3.832 GC heap after
Heap after GC invocations=10 (full 2):
 PSYoungGen      total 180224K, used 0K [0x00000000d5e00000, 0x00000000e4600000, 0x0000000100000000)
  eden space 166912K, 0% used [0x00000000d5e00000,0x00000000d5e00000,0x00000000e0100000)
  from space 13312K, 0% used [0x00000000e1080000,0x00000000e1080000,0x00000000e1d80000)
  to   space 15872K, 0% used [0x00000000e0100000,0x00000000e0100000,0x00000000e1080000)
 ParOldGen       total 96768K, used 22180K [0x0000000081a00000, 0x0000000087880000, 0x00000000d5e00000)
  object space 96768K, 22% used [0x0000000081a00000,0x0000000082fa90f0,0x0000000087880000)
 Metaspace       used 34859K, capacity 35194K, committed 35416K, reserved 1079296K
  class space    used 4540K, capacity 4622K, committed 4696K, reserved 1048576K
}
Event: 28.127 GC heap before
{Heap before GC invocations=11 (full 2):
 PSYoungGen      total 180224K, used 166912K [0x00000000d5e00000, 0x00000000e4600000, 0x0000000100000000)
  eden space 166912K, 100% used [0x00000000d5e00000,0x00000000e0100000,0x00000000e0100000)
  from space 13312K, 0% used [0x00000000e1080000,0x00000000e1080000,0x00000000e1d80000)
  to   space 15872K, 0% used [0x00000000e0100000,0x00000000e0100000,0x00000000e1080000)
 ParOldGen       total 96768K, used 22180K [0x0000000081a00000, 0x0000000087880000, 0x00000000d5e00000)
  object space 96768K, 22% used [0x0000000081a00000,0x0000000082fa90f0,0x0000000087880000)
 Metaspace       used 41374K, capacity 41810K, committed 42200K, reserved 1085440K
  class space    used 5384K, capacity 5470K, committed 5592K, reserved 1048576K
Event: 28.136 GC heap after
Heap after GC invocations=11 (full 2):
 PSYoungGen      total 182784K, used 11016K [0x00000000d5e00000, 0x00000000e4980000, 0x0000000100000000)
  eden space 166912K, 0% used [0x00000000d5e00000,0x00000000d5e00000,0x00000000e0100000)
  from space 15872K, 69% used [0x00000000e0100000,0x00000000e0bc23c8,0x00000000e1080000)
  to   space 15872K, 0% used [0x00000000e3a00000,0x00000000e3a00000,0x00000000e4980000)
 ParOldGen       total 96768K, used 22188K [0x0000000081a00000, 0x0000000087880000, 0x00000000d5e00000)
  object space 96768K, 22% used [0x0000000081a00000,0x0000000082fab0f0,0x0000000087880000)
 Metaspace       used 41374K, capacity 41810K, committed 42200K, reserved 1085440K
  class space    used 5384K, capacity 5470K, committed 5592K, reserved 1048576K
}

Deoptimization events (0 events):
No events

Internal exceptions (10 events):
Event: 40.956 Thread 0x000000005c564800 Exception <a 'java/security/PrivilegedActionException'> (0x00000000d6e45a78) thrown at [D:\re\workspace\8-2-build-windows-amd64-cygwin\jdk8u25\1677\hotspot\src\share\vm\prims\jvm.cpp, line 1312]
Event: 40.957 Thread 0x000000005c564800 Exception <a 'java/security/PrivilegedActionException'> (0x00000000d6e4edc0) thrown at [D:\re\workspace\8-2-build-windows-amd64-cygwin\jdk8u25\1677\hotspot\src\share\vm\prims\jvm.cpp, line 1312]
Event: 40.957 Thread 0x000000005c564800 Exception <a 'java/security/PrivilegedActionException'> (0x00000000d6e59bf0) thrown at [D:\re\workspace\8-2-build-windows-amd64-cygwin\jdk8u25\1677\hotspot\src\share\vm\prims\jvm.cpp, line 1312]
Event: 40.958 Thread 0x000000005c564800 Exception <a 'java/security/PrivilegedActionException'> (0x00000000d6e622b0) thrown at [D:\re\workspace\8-2-build-windows-amd64-cygwin\jdk8u25\1677\hotspot\src\share\vm\prims\jvm.cpp, line 1312]
Event: 40.959 Thread 0x000000005c564800 Exception <a 'java/security/PrivilegedActionException'> (0x00000000d6e6b2d8) thrown at [D:\re\workspace\8-2-build-windows-amd64-cygwin\jdk8u25\1677\hotspot\src\share\vm\prims\jvm.cpp, line 1312]
Event: 40.960 Thread 0x000000005c564800 Exception <a 'java/security/PrivilegedActionException'> (0x00000000d6e712a8) thrown at [D:\re\workspace\8-2-build-windows-amd64-cygwin\jdk8u25\1677\hotspot\src\share\vm\prims\jvm.cpp, line 1312]
Event: 40.961 Thread 0x000000005c564800 Exception <a 'java/security/PrivilegedActionException'> (0x00000000d6e78d80) thrown at [D:\re\workspace\8-2-build-windows-amd64-cygwin\jdk8u25\1677\hotspot\src\share\vm\prims\jvm.cpp, line 1312]
Event: 40.962 Thread 0x000000005c564800 Exception <a 'java/security/PrivilegedActionException'> (0x00000000d6e82c70) thrown at [D:\re\workspace\8-2-build-windows-amd64-cygwin\jdk8u25\1677\hotspot\src\share\vm\prims\jvm.cpp, line 1312]
Event: 40.962 Thread 0x000000005c564800 Exception <a 'java/security/PrivilegedActionException'> (0x00000000d6e8b950) thrown at [D:\re\workspace\8-2-build-windows-amd64-cygwin\jdk8u25\1677\hotspot\src\share\vm\prims\jvm.cpp, line 1312]
Event: 40.962 Thread 0x000000005c564800 Exception <a 'java/security/PrivilegedActionException'> (0x00000000d6e948a0) thrown at [D:\re\workspace\8-2-build-windows-amd64-cygwin\jdk8u25\1677\hotspot\src\share\vm\prims\jvm.cpp, line 1312]

Events (10 events):
Event: 101.798 loading class java/io/InterruptedIOException done
Event: 101.798 loading class java/net/SocketTimeoutException done
Event: 101.798 Executing VM operation: RevokeBias
Event: 101.799 Executing VM operation: RevokeBias done
Event: 101.799 Executing VM operation: RevokeBias
Event: 101.799 Executing VM operation: RevokeBias done
Event: 181.199 Executing VM operation: ChangeBreakpoints
Event: 181.199 Executing VM operation: ChangeBreakpoints done
Event: 181.260 Executing VM operation: RedefineClasses
Event: 181.279 Executing VM operation: RedefineClasses done


Dynamic libraries:
0x000000013f580000 - 0x000000013f5b4000 	C:\desenvolvimento\jdk\jdk1.8.0_25\bin\javaw.exe
0x0000000077c20000 - 0x0000000077dca000 	C:\Windows\SYSTEM32\ntdll.dll
0x0000000077b00000 - 0x0000000077c1f000 	C:\Windows\system32\kernel32.dll
0x000007fefe130000 - 0x000007fefe19a000 	C:\Windows\system32\KERNELBASE.dll
0x000007feffa20000 - 0x000007feffafb000 	C:\Windows\system32\ADVAPI32.dll
0x000007fefe5a0000 - 0x000007fefe63f000 	C:\Windows\system32\msvcrt.dll
0x000007feffa00000 - 0x000007feffa1f000 	C:\Windows\SYSTEM32\sechost.dll
0x000007feffd80000 - 0x000007feffead000 	C:\Windows\system32\RPCRT4.dll
0x0000000077740000 - 0x000000007783a000 	C:\Windows\system32\USER32.dll
0x000007fefe480000 - 0x000007fefe4e7000 	C:\Windows\system32\GDI32.dll
0x000007fefe4f0000 - 0x000007fefe4fe000 	C:\Windows\system32\LPK.dll
0x000007feff4c0000 - 0x000007feff58a000 	C:\Windows\system32\USP10.dll
0x000007fefcb40000 - 0x000007fefcd34000 	C:\Windows\WinSxS\amd64_microsoft.windows.common-controls_6595b64144ccf1df_6.0.7601.18837_none_fa3b1e3d17594757\COMCTL32.dll
0x000007feffeb0000 - 0x000007fefff21000 	C:\Windows\system32\SHLWAPI.dll
0x000007fefe450000 - 0x000007fefe47e000 	C:\Windows\system32\IMM32.DLL
0x000007feffc70000 - 0x000007feffd79000 	C:\Windows\system32\MSCTF.dll
0x0000000067dd0000 - 0x0000000067ea2000 	C:\desenvolvimento\jdk\jdk1.8.0_25\jre\bin\msvcr100.dll
0x000000005f3f0000 - 0x000000005fc4a000 	C:\desenvolvimento\jdk\jdk1.8.0_25\jre\bin\server\jvm.dll
0x000007fefa450000 - 0x000007fefa459000 	C:\Windows\system32\WSOCK32.dll
0x000007feffc00000 - 0x000007feffc4d000 	C:\Windows\system32\WS2_32.dll
0x000007feff4b0000 - 0x000007feff4b8000 	C:\Windows\system32\NSI.dll
0x000007fefbd10000 - 0x000007fefbd4b000 	C:\Windows\system32\WINMM.dll
0x0000000077de0000 - 0x0000000077de7000 	C:\Windows\system32\PSAPI.DLL
0x0000000073b90000 - 0x0000000073b9f000 	C:\desenvolvimento\jdk\jdk1.8.0_25\jre\bin\verify.dll
0x0000000073b60000 - 0x0000000073b88000 	C:\desenvolvimento\jdk\jdk1.8.0_25\jre\bin\java.dll
0x0000000067a60000 - 0x0000000067a95000 	C:\desenvolvimento\jdk\jdk1.8.0_25\jre\bin\jdwp.dll
0x000000006ece0000 - 0x000000006ece8000 	C:\desenvolvimento\jdk\jdk1.8.0_25\jre\bin\npt.dll
0x0000000073ae0000 - 0x0000000073af6000 	C:\desenvolvimento\jdk\jdk1.8.0_25\jre\bin\zip.dll
0x000007fefe720000 - 0x000007feff4a9000 	C:\Windows\system32\SHELL32.dll
0x000007feff7f0000 - 0x000007feff9f3000 	C:\Windows\system32\ole32.dll
0x000007fefe080000 - 0x000007fefe08f000 	C:\Windows\system32\profapi.dll
0x000000006e5e0000 - 0x000000006e5e9000 	C:\desenvolvimento\jdk\jdk1.8.0_25\jre\bin\dt_socket.dll
0x000007fefbe30000 - 0x000007fefbe45000 	C:\Windows\system32\NLAapi.dll
0x000007fef7690000 - 0x000007fef76a5000 	C:\Windows\system32\napinsp.dll
0x000007fef7670000 - 0x000007fef7689000 	C:\Windows\system32\pnrpnsp.dll
0x000007fefd8b0000 - 0x000007fefd905000 	C:\Windows\System32\mswsock.dll
0x000007fefd730000 - 0x000007fefd78b000 	C:\Windows\system32\DNSAPI.dll
0x000007fef7660000 - 0x000007fef766b000 	C:\Windows\System32\winrnr.dll
0x000000006f6d0000 - 0x000000006f705000 	C:\Program Files\Bonjour\mdnsNSP.dll
0x000007fefb840000 - 0x000007fefb867000 	C:\Windows\system32\Iphlpapi.DLL
0x000007fefb830000 - 0x000007fefb83b000 	C:\Windows\system32\WINNSI.DLL
0x000007fefb600000 - 0x000007fefb653000 	C:\Windows\System32\fwpuclnt.dll
0x000007fef8360000 - 0x000007fef8368000 	C:\Windows\system32\rasadhlp.dll
0x000007fefd2a0000 - 0x000007fefd2a7000 	C:\Windows\System32\wshtcpip.dll
0x0000000073970000 - 0x000000007397d000 	C:\desenvolvimento\jdk\jdk1.8.0_25\jre\bin\management.dll
0x0000000073ac0000 - 0x0000000073ada000 	C:\desenvolvimento\jdk\jdk1.8.0_25\jre\bin\net.dll
0x000007fefd8a0000 - 0x000007fefd8a7000 	C:\Windows\System32\wship6.dll
0x0000000073aa0000 - 0x0000000073ab1000 	C:\desenvolvimento\jdk\jdk1.8.0_25\jre\bin\nio.dll
0x000007fefd910000 - 0x000007fefd928000 	C:\Windows\system32\CRYPTSP.dll
0x000007fefd610000 - 0x000007fefd657000 	C:\Windows\system32\rsaenh.dll
0x000007fefd3c0000 - 0x000007fefd3de000 	C:\Windows\system32\USERENV.dll
0x000007fefdfb0000 - 0x000007fefdfbf000 	C:\Windows\system32\CRYPTBASE.dll
0x000007fefb5d0000 - 0x000007fefb5e1000 	C:\Windows\system32\dhcpcsvc6.DLL
0x000007fefb5b0000 - 0x000007fefb5c8000 	C:\Windows\system32\dhcpcsvc.DLL
0x000007fef7970000 - 0x000007fef7a95000 	C:\Windows\system32\dbghelp.dll

VM Arguments:
jvm_args: -agentlib:jdwp=transport=dt_socket,suspend=y,address=localhost:57388 -Dcom.sun.management.jmxremote -Dcom.sun.management.jmxremote.port=57387 -Dcom.sun.management.jmxremote.authenticate=false -Dcom.sun.management.jmxremote.ssl=false -Djava.rmi.server.hostname=localhost -Dspring.application.admin.enabled=true -Xverify:none -XX:TieredStopAtLevel=1 -Dfile.encoding=UTF-8 
java_command: br.com.twitterClient.TwitterClientApplication
java_class_path (initial): C:\CLiente\twitter-client\target\classes;C:\desenvolvimento\repo\org\springframework\boot\spring-boot-starter-social-twitter\1.5.7.RELEASE\spring-boot-starter-social-twitter-1.5.7.RELEASE.jar;C:\desenvolvimento\repo\org\springframework\boot\spring-boot-starter\1.5.7.RELEASE\spring-boot-starter-1.5.7.RELEASE.jar;C:\desenvolvimento\repo\org\springframework\boot\spring-boot\1.5.7.RELEASE\spring-boot-1.5.7.RELEASE.jar;C:\desenvolvimento\repo\org\springframework\boot\spring-boot-autoconfigure\1.5.7.RELEASE\spring-boot-autoconfigure-1.5.7.RELEASE.jar;C:\desenvolvimento\repo\org\springframework\boot\spring-boot-starter-logging\1.5.7.RELEASE\spring-boot-starter-logging-1.5.7.RELEASE.jar;C:\desenvolvimento\repo\ch\qos\logback\logback-classic\1.1.11\logback-classic-1.1.11.jar;C:\desenvolvimento\repo\ch\qos\logback\logback-core\1.1.11\logback-core-1.1.11.jar;C:\desenvolvimento\repo\org\slf4j\jul-to-slf4j\1.7.25\jul-to-slf4j-1.7.25.jar;C:\desenvolvimento\repo\org\slf4j\log4j-over-slf4j\1.7.25\log4j-over-slf4j-1.7.25.jar;C:\desenvolvimento\repo\org\yaml\snakeyaml\1.17\snakeyaml-1.17.jar;C:\desenvolvimento\repo\org\springframework\social\spring-social-config\1.1.4.RELEASE\spring-social-config-1.1.4.RELEASE.jar;C:\desenvolvimento\repo\org\springframework\social\spring-social-core\1.1.4.RELEASE\spring-social-core-1.1.4.RELEASE.jar;C:\desenvolvimento\repo\org\springframework\social\spring-social-web\1.1.4.RELEASE\spring-social-web-1.1.4.RELEASE.jar;C:\desenvolvimento\repo\javax\inject\javax.inject\1\javax.inject-1.jar;C:\desenvolvimento\repo\org\springframework\social\spring-social-twitter\1.1.2.RELEASE\spring-social-twitter-1.1.2.RELEASE.jar;C:\desenvolvimento\repo\com\fasterxml\jackson\core\jackson-core\2.8.10\jackson-core-2.8.10.jar;C:\desenvolvimento\repo\org\springframework\security\spring-security-crypto\4.2.3.RELEASE\spring-security-crypto-4.2.3.RELEASE.jar;C:\desenvolvimento\repo\com\fasterxml\jackson\core\jackson-annotations\2.8.0\jackson-annota
Launcher Type: SUN_STANDARD

Environment Variables:
JAVA_HOME=C:\Sun\SDK\jdk
PATH=C:\desenvolvimento\jdk\jdk1.8.0_25\jre\bin;C:\Program Files\CollabNet\Subversion Client;C:\Windows\system32;C:\Windows;C:\Windows\System32\Wbem;C:\Windows\System32\WindowsPowerShell\v1.0\;c:\Program Files\Intel\DMIX;C:\Program Files (x86)\Intel\Services\IPT\;C:\Program Files\TortoiseSVN\bin;C:\Program Files\TortoiseGit\bin;C:\Program Files (x86)\MySQL\MySQL Server 5.1\bin;C:\maven\bin;C:\Program Files\nodejs\;C:\Users\contdavid\AppData\Roaming\npm
USERNAME=contdavid
OS=Windows_NT
PROCESSOR_IDENTIFIER=Intel64 Family 6 Model 42 Stepping 7, GenuineIntel



---------------  S Y S T E M  ---------------

OS: Windows 7 , 64 bit Build 7601 Service Pack 1

CPU:total 4 (4 cores per cpu, 1 threads per core) family 6 model 42 stepping 7, cmov, cx8, fxsr, mmx, sse, sse2, sse3, ssse3, sse4.1, sse4.2, popcnt, avx, aes, clmul, tsc, tscinvbit

Memory: 4k page, physical 8273936k(2472752k free), swap 16546012k(9771396k free)

vm_info: Java HotSpot(TM) 64-Bit Server VM (25.25-b02) for windows-amd64 JRE (1.8.0_25-b18), built on Oct  7 2014 14:25:37 by "java_re" with MS VC++ 10.0 (VS2010)

time: Mon Oct 09 13:05:35 2017
elapsed time: 181 seconds (0d 0h 3m 1s)

